build/app/intermediates/manifest_merge_blame_file/debug/manifest-merger-blame-debug-report.txt
1<?xml version="1.0" encoding="utf-8"?>
2<manifest xmlns:android="http://schemas.android.com/apk/res/android"
3    package="com.flutter.cabira_driver"
4    android:versionCode="7"
5    android:versionName="1.0.6" >
6
7    <uses-sdk
8        android:minSdkVersion="21"
9        android:targetSdkVersion="30" />
10    <!--
11         Flutter needs it to communicate with the running application
12         to allow setting breakpoints, to provide hot reload, etc.
13    -->
14    <uses-permission android:name="android.permission.INTERNET" />
14-->src/main/AndroidManifest.xml:9:5-66
14-->src/main/AndroidManifest.xml:9:22-64
15    <uses-permission android:name="android.permission.ACCESS_COARSE_LOCATION" />
15-->src/main/AndroidManifest.xml:10:5-81
15-->src/main/AndroidManifest.xml:10:22-78
16    <uses-permission android:name="android.permission.ACCESS_FINE_LOCATION" />
16-->src/main/AndroidManifest.xml:11:5-79
16-->src/main/AndroidManifest.xml:11:22-76
17    <uses-permission android:name="android.permission.FOREGROUND_SERVICE" /> <!-- Include required permissions for Google Maps API to run. -->
17-->[:geolocator_android] AndroidManifest.xml:7:5-77
17-->[:geolocator_android] AndroidManifest.xml:7:22-74
18    <uses-permission android:name="android.permission.ACCESS_NETWORK_STATE" />
18-->[com.google.android.gms:play-services-maps:17.0.0] AndroidManifest.xml:23:5-79
18-->[com.google.android.gms:play-services-maps:17.0.0] AndroidManifest.xml:23:22-76
19
20    <uses-feature
20-->[com.google.android.gms:play-services-maps:17.0.0] AndroidManifest.xml:26:5-28:35
21        android:glEsVersion="0x00020000"
21-->[com.google.android.gms:play-services-maps:17.0.0] AndroidManifest.xml:27:9-41
22        android:required="true" />
22-->[com.google.android.gms:play-services-maps:17.0.0] AndroidManifest.xml:28:9-32
23
24    <queries>
24-->[net.openid:appauth:0.10.0] AndroidManifest.xml:24:5-32:15
25        <intent>
25-->[net.openid:appauth:0.10.0] AndroidManifest.xml:25:9-31:18
26            <action android:name="android.intent.action.VIEW" />
26-->src/main/AndroidManifest.xml:43:13-65
26-->src/main/AndroidManifest.xml:43:21-62
27
28            <category android:name="android.intent.category.BROWSABLE" />
28-->src/main/AndroidManifest.xml:45:13-74
28-->src/main/AndroidManifest.xml:45:23-71
29
30            <data android:scheme="https" />
30-->[net.openid:appauth:0.10.0] AndroidManifest.xml:30:13-44
30-->[net.openid:appauth:0.10.0] AndroidManifest.xml:30:19-41
31        </intent>
32    </queries>
33
34    <application
34-->src/main/AndroidManifest.xml:12:5-60:19
35        android:appComponentFactory="androidx.core.app.CoreComponentFactory"
35-->[androidx.core:core:1.5.0] AndroidManifest.xml:24:18-86
36        android:debuggable="true"
37        android:icon="@mipmap/ic_launcher"
37-->src/main/AndroidManifest.xml:14:9-43
38        android:label="Atlantix cargo+" >
38-->src/main/AndroidManifest.xml:13:9-40
39        <activity
39-->src/main/AndroidManifest.xml:15:9-48:16
40            android:name="com.flutter.cabira_driver.MainActivity"
40-->src/main/AndroidManifest.xml:16:13-41
41            android:configChanges="orientation|keyboardHidden|keyboard|screenSize|smallestScreenSize|locale|layoutDirection|fontScale|screenLayout|density|uiMode"
41-->src/main/AndroidManifest.xml:19:13-163
42            android:hardwareAccelerated="true"
42-->src/main/AndroidManifest.xml:20:13-47
43            android:launchMode="singleTop"
43-->src/main/AndroidManifest.xml:17:13-43
44            android:theme="@style/LaunchTheme"
44-->src/main/AndroidManifest.xml:18:13-47
45            android:windowSoftInputMode="adjustResize" >
45-->src/main/AndroidManifest.xml:21:13-55
46
47            <!--
48                 Specifies an Android theme to apply to this Activity as soon as
49                 the Android process has started. This theme is visible to the user
50                 while the Flutter UI initializes. After that, this theme continues
51                 to determine the Window background behind the Flutter UI.
52            -->
53            <meta-data
53-->src/main/AndroidManifest.xml:26:13-30:17
54                android:name="io.flutter.embedding.android.NormalTheme"
54-->src/main/AndroidManifest.xml:27:15-70
55                android:resource="@style/NormalTheme"
55-->src/main/AndroidManifest.xml:28:15-52
56                android:value="2" />
56-->src/main/AndroidManifest.xml:29:17-34
57            <!--
58                 Displays an Android View that continues showing the launch screen
59                 Drawable until Flutter paints its first frame, then this splash
60                 screen fades out. A splash screen is useful to avoid any visual
61                 gap between the end of Android's launch screen and the painting of
62                 Flutter's first frame.
63            -->
64            <!--
65          <meta-data
66          android:name="io.flutter.embedding.android.SplashScreenDrawable"
67          android:resource="@drawable/launch_background"
68          />
69            -->
70            <intent-filter>
70-->src/main/AndroidManifest.xml:40:9-47:25
71                <action android:name="android.intent.action.MAIN" />
71-->src/main/AndroidManifest.xml:41:13-64
71-->src/main/AndroidManifest.xml:41:21-62
72
73                <category android:name="android.intent.category.LAUNCHER" />
73-->src/main/AndroidManifest.xml:42:13-72
73-->src/main/AndroidManifest.xml:42:23-70
74
75                <action android:name="android.intent.action.VIEW" />
75-->src/main/AndroidManifest.xml:43:13-65
75-->src/main/AndroidManifest.xml:43:21-62
76
77                <category android:name="android.intent.category.DEFAULT" />
77-->src/main/AndroidManifest.xml:44:13-72
77-->src/main/AndroidManifest.xml:44:23-69
78                <category android:name="android.intent.category.BROWSABLE" />
78-->src/main/AndroidManifest.xml:45:13-74
78-->src/main/AndroidManifest.xml:45:23-71
79                <category android:name="android.intent.category.APP_BROWSER" />
79-->src/main/AndroidManifest.xml:46:13-76
79-->src/main/AndroidManifest.xml:46:23-73
80            </intent-filter>
81        </activity>
82        <!--
83         Don't delete the meta-data below.
84         This is used by the Flutter tool to generate GeneratedPluginRegistrant.java
85        -->
86        <meta-data
86-->src/main/AndroidManifest.xml:51:9-53:33
87            android:name="flutterEmbedding"
87-->src/main/AndroidManifest.xml:52:13-44
88            android:value="2" />
88-->src/main/AndroidManifest.xml:53:13-30
89        <meta-data
89-->src/main/AndroidManifest.xml:55:9-57:71
90            android:name="com.google.android.geo.API_KEY"
90-->src/main/AndroidManifest.xml:56:13-58
91            android:value="AIzaSyBCtzBnPcyAW4lMW8o_J6Ur4x-IQkvwuT8" />
91-->src/main/AndroidManifest.xml:57:13-68
92
93        <service
93-->[:geolocator_android] AndroidManifest.xml:10:9-14:56
94            android:name="com.baseflow.geolocator.GeolocatorLocationService"
94-->[:geolocator_android] AndroidManifest.xml:11:13-77
95            android:enabled="true"
95-->[:geolocator_android] AndroidManifest.xml:12:13-35
96            android:exported="false"
96-->[:geolocator_android] AndroidManifest.xml:13:13-37
97            android:foregroundServiceType="location" />
97-->[:geolocator_android] AndroidManifest.xml:14:13-53
98
99        <provider
99-->[:flutter_webview_plugin] AndroidManifest.xml:9:9-18:20
100            android:name="androidx.core.content.FileProvider"
100-->[:flutter_webview_plugin] AndroidManifest.xml:10:13-62
101            android:authorities="com.flutter.cabira_driver.fileprovider"
101-->[:flutter_webview_plugin] AndroidManifest.xml:11:13-64
102            android:exported="false"
102-->[:flutter_webview_plugin] AndroidManifest.xml:12:13-37
103            android:grantUriPermissions="true" >
103-->[:flutter_webview_plugin] AndroidManifest.xml:13:13-47
104            <meta-data
104-->[:flutter_webview_plugin] AndroidManifest.xml:15:13-17:53
105                android:name="android.support.FILE_PROVIDER_PATHS"
105-->[:flutter_webview_plugin] AndroidManifest.xml:16:17-67
106                android:resource="@xml/filepaths" />
106-->[:flutter_webview_plugin] AndroidManifest.xml:17:17-50
107        </provider> <!-- Needs to be explicitly declared on P+ -->
108        <uses-library
108-->[com.google.android.gms:play-services-maps:17.0.0] AndroidManifest.xml:33:9-35:40
109            android:name="org.apache.http.legacy"
109-->[com.google.android.gms:play-services-maps:17.0.0] AndroidManifest.xml:34:13-50
110            android:required="false" />
110-->[com.google.android.gms:play-services-maps:17.0.0] AndroidManifest.xml:35:13-37
111
112        <activity
112-->[com.google.android.gms:play-services-base:17.0.0] AndroidManifest.xml:23:9-26:75
113            android:name="com.google.android.gms.common.api.GoogleApiActivity"
113-->[com.google.android.gms:play-services-base:17.0.0] AndroidManifest.xml:24:13-79
114            android:exported="false"
114-->[com.google.android.gms:play-services-base:17.0.0] AndroidManifest.xml:25:13-37
115            android:theme="@android:style/Theme.Translucent.NoTitleBar" />
115-->[com.google.android.gms:play-services-base:17.0.0] AndroidManifest.xml:26:13-72
116
117        <meta-data
117-->[com.google.android.gms:play-services-basement:17.0.0] AndroidManifest.xml:23:9-25:69
118            android:name="com.google.android.gms.version"
118-->[com.google.android.gms:play-services-basement:17.0.0] AndroidManifest.xml:24:13-58
119            android:value="@integer/google_play_services_version" />
119-->[com.google.android.gms:play-services-basement:17.0.0] AndroidManifest.xml:25:13-66
120
121        <activity
121-->[net.openid:appauth:0.10.0] AndroidManifest.xml:35:9-39:77
122            android:name="net.openid.appauth.AuthorizationManagementActivity"
122-->[net.openid:appauth:0.10.0] AndroidManifest.xml:36:13-78
123            android:exported="false"
123-->[net.openid:appauth:0.10.0] AndroidManifest.xml:37:13-37
124            android:launchMode="singleTask"
124-->[net.openid:appauth:0.10.0] AndroidManifest.xml:38:13-44
125            android:theme="@style/Theme.AppCompat.Translucent.NoTitleBar" />
125-->[net.openid:appauth:0.10.0] AndroidManifest.xml:39:13-74
126        <activity
126-->[net.openid:appauth:0.10.0] AndroidManifest.xml:40:9-51:20
127            android:name="net.openid.appauth.RedirectUriReceiverActivity"
127-->[net.openid:appauth:0.10.0] AndroidManifest.xml:41:13-74
128            android:exported="true" >
128-->[net.openid:appauth:0.10.0] AndroidManifest.xml:42:13-36
129            <intent-filter>
129-->[net.openid:appauth:0.10.0] AndroidManifest.xml:43:13-50:29
130                <action android:name="android.intent.action.VIEW" />
130-->src/main/AndroidManifest.xml:43:13-65
130-->src/main/AndroidManifest.xml:43:21-62
131
132                <category android:name="android.intent.category.DEFAULT" />
132-->src/main/AndroidManifest.xml:44:13-72
132-->src/main/AndroidManifest.xml:44:23-69
133                <category android:name="android.intent.category.BROWSABLE" />
133-->src/main/AndroidManifest.xml:45:13-74
133-->src/main/AndroidManifest.xml:45:23-71
134
135                <data android:scheme="com.flutter.cabira-driver" />
135-->[net.openid:appauth:0.10.0] AndroidManifest.xml:30:13-44
135-->[net.openid:appauth:0.10.0] AndroidManifest.xml:30:19-41
136            </intent-filter>
137        </activity>
138    </application>
139
140</manifest>